{"level":"info","message":"Server started on port 5000","service":"posts-service","timestamp":"2024-11-20 12:50:54"}
{"level":"info","message":"Connected to database successfully","service":"posts-service","timestamp":"2024-11-20 12:50:55"}
{"level":"info","message":"Server started on port 5000","service":"posts-service","timestamp":"2024-11-20 12:52:19"}
{"level":"info","message":"Connected to database successfully","service":"posts-service","timestamp":"2024-11-20 12:52:21"}
{"category":"startup","level":"info","message":"Attempting to insert new post","service":"posts-service","timestamp":"2024-11-20 12:52:43","title":"The Rise of Corporate Accelerators: A New Player in the Game"}
{"level":"info","message":"Post published successfully","service":"posts-service","timestamp":"2024-11-20 12:52:44"}
{"level":"info","message":"Server started on port 5000","service":"posts-service","timestamp":"2024-11-20 12:54:33"}
{"level":"info","message":"Server started on port 5000","service":"posts-service","timestamp":"2024-11-20 12:54:35"}
{"level":"info","message":"Connected to database successfully","service":"posts-service","timestamp":"2024-11-20 12:54:36"}
{"category":"mentors","level":"info","message":"Attempting to insert new post","service":"posts-service","timestamp":"2024-11-20 12:56:33","title":"// Handle unhandled promise rejections"}
{"level":"info","message":"Post published successfully","service":"posts-service","timestamp":"2024-11-20 12:56:33"}
{"category":"mentors","level":"info","message":"Attempting to insert new post","service":"posts-service","timestamp":"2024-11-20 12:56:50","title":"// Handle unhandled promise rejections"}
{"level":"info","message":"Post published successfully","service":"posts-service","timestamp":"2024-11-20 12:56:51"}
{"category":"startup","level":"info","message":"Attempting to insert new post","service":"posts-service","timestamp":"2024-11-20 13:18:59","title":"NEW post test title"}
{"level":"info","message":"Post published successfully","service":"posts-service","timestamp":"2024-11-20 13:18:59"}
{"level":"info","message":"Server started on port 5000","service":"posts-service","timestamp":"2024-11-20 13:23:50"}
{"level":"info","message":"Connected to database successfully","service":"posts-service","timestamp":"2024-11-20 13:23:52"}
{"level":"info","message":"Server started on port 5000","service":"posts-service","timestamp":"2024-11-20 13:24:02"}
{"level":"info","message":"Connected to database successfully","service":"posts-service","timestamp":"2024-11-20 13:24:03"}
{"level":"info","message":"Server started on port 5000","service":"posts-service","timestamp":"2024-11-20 13:24:11"}
{"level":"info","message":"Connected to database successfully","service":"posts-service","timestamp":"2024-11-20 13:24:12"}
{"level":"info","message":"Server started on port 5000","service":"posts-service","timestamp":"2024-11-20 14:39:34"}
{"level":"info","message":"Connected to database successfully","service":"posts-service","timestamp":"2024-11-20 14:39:35"}
{"level":"info","message":"Server started on port 5000","service":"posts-service","timestamp":"2024-11-20 14:41:01"}
{"level":"info","message":"Connected to database successfully","service":"posts-service","timestamp":"2024-11-20 14:41:03"}
{"category":"startup","level":"info","message":"Attempting to insert new post","service":"posts-service","timestamp":"2024-11-20 14:50:22","title":"The Apple Story: From Garage Band to Global Giant"}
{"level":"info","message":"Post published successfully","service":"posts-service","timestamp":"2024-11-20 14:50:23"}
{"level":"info","message":"Server started on port 5000","service":"posts-service","timestamp":"2024-11-20 15:27:24"}
{"level":"info","message":"Connected to database successfully","service":"posts-service","timestamp":"2024-11-20 15:27:25"}
{"level":"info","message":"Server started on port 5000","service":"posts-service","timestamp":"2024-11-20 20:45:09"}
{"level":"info","message":"Connected to database successfully","service":"posts-service","timestamp":"2024-11-20 20:45:10"}
{"level":"info","message":"Server started on port 5000","service":"posts-service","timestamp":"2024-11-21 10:52:16"}
{"level":"info","message":"Connected to database successfully","service":"posts-service","timestamp":"2024-11-21 10:52:17"}
{"category":"startup","level":"info","message":"Attempting to insert new post","service":"posts-service","timestamp":"2024-11-21 10:57:14","title":"New UX Trend"}
{"level":"info","message":"Post published successfully","service":"posts-service","timestamp":"2024-11-21 10:57:14"}
{"level":"info","message":"Server started on port 5000","service":"posts-service","timestamp":"2024-11-21 11:03:38"}
{"level":"info","message":"Connected to database successfully","service":"posts-service","timestamp":"2024-11-21 11:03:39"}
{"level":"info","message":"Server started on port 5000","service":"posts-service","timestamp":"2024-11-21 11:14:53"}
{"level":"info","message":"Server started on port 5000","service":"posts-service","timestamp":"2024-11-21 11:14:55"}
{"level":"info","message":"Server started on port 5000","service":"posts-service","timestamp":"2024-11-21 11:14:56"}
{"level":"info","message":"Connected to database successfully","service":"posts-service","timestamp":"2024-11-21 11:14:58"}
{"category":"startup","level":"info","message":"Attempting to insert new post","service":"posts-service","timestamp":"2024-11-21 11:18:17","title":"New UX Trend"}
{"level":"info","message":"Post published successfully","service":"posts-service","timestamp":"2024-11-21 11:18:18"}
{"level":"info","message":"Server started on port 5000","service":"posts-service","timestamp":"2024-11-21 11:21:11"}
{"level":"info","message":"Connected to database successfully","service":"posts-service","timestamp":"2024-11-21 11:21:12"}
{"level":"info","message":"Server started on port 5000","service":"posts-service","timestamp":"2024-11-21 11:22:56"}
{"level":"info","message":"Connected to database successfully","service":"posts-service","timestamp":"2024-11-21 11:22:57"}
{"level":"info","message":"Server started on port 5000","service":"posts-service","timestamp":"2024-11-21 11:23:41"}
{"level":"info","message":"Server started on port 5000","service":"posts-service","timestamp":"2024-11-21 11:23:42"}
{"level":"info","message":"Connected to database successfully","service":"posts-service","timestamp":"2024-11-21 11:23:43"}
{"level":"info","message":"Server started on port 5000","service":"posts-service","timestamp":"2024-11-21 11:24:09"}
{"level":"info","message":"Server started on port 5000","service":"posts-service","timestamp":"2024-11-21 11:24:11"}
{"level":"info","message":"Connected to database successfully","service":"posts-service","timestamp":"2024-11-21 11:24:12"}
{"level":"info","message":"Server started on port 5000","service":"posts-service","timestamp":"2024-11-21 11:24:22"}
{"level":"info","message":"Connected to database successfully","service":"posts-service","timestamp":"2024-11-21 11:24:23"}
{"category":"startup","imageUrl":"/uploads/image-1732168488789-382207279.jpeg","level":"info","message":"Attempting to insert new post","service":"posts-service","timestamp":"2024-11-21 11:24:48","title":"new title"}
{"level":"info","message":"Post published successfully","service":"posts-service","timestamp":"2024-11-21 11:24:49"}
{"category":"startup","imageUrl":"/uploads/image-1732168599837-461804481.jpg","level":"info","message":"Attempting to insert new post","service":"posts-service","timestamp":"2024-11-21 11:26:39","title":"The Climate Tech Startup: Addressing Global Challenges"}
{"level":"info","message":"Post published successfully","service":"posts-service","timestamp":"2024-11-21 11:26:40"}
{"level":"info","message":"Server started on port 5000","service":"posts-service","timestamp":"2024-11-21 12:19:42"}
{"level":"info","message":"Connected to database successfully","service":"posts-service","timestamp":"2024-11-21 12:19:43"}
{"category":"startup","imageUrl":"/uploads/image-1732173294729-89550656.jpg","level":"info","message":"Attempting to insert new post","service":"posts-service","timestamp":"2024-11-21 12:44:54","title":"The Apple Story: From Garage Band to Global Giant"}
{"level":"info","message":"Post published successfully","service":"posts-service","timestamp":"2024-11-21 12:44:55"}
{"level":"error","message":"Uncaught Exception: Connection terminated unexpectedly","service":"posts-service","stack":"Error: Connection terminated unexpectedly\n    at Connection.<anonymous> (G:\\i2u_react\\backend\\node_modules\\pg\\lib\\client.js:131:73)\n    at Object.onceWrapper (node:events:633:28)\n    at Connection.emit (node:events:519:28)\n    at Socket.<anonymous> (G:\\i2u_react\\backend\\node_modules\\pg\\lib\\connection.js:62:12)\n    at Socket.emit (node:events:531:35)\n    at TCP.<anonymous> (node:net:337:12)","timestamp":"2024-11-22 11:13:02"}
{"level":"info","message":"Server started on port 5000","service":"posts-service","timestamp":"2024-11-22 11:18:19"}
{"level":"info","message":"Connected to database successfully","service":"posts-service","timestamp":"2024-11-22 11:18:21"}
{"level":"info","message":"Server started on port 5000","service":"posts-service","timestamp":"2024-11-22 11:23:29"}
{"level":"info","message":"Connected to database successfully","service":"posts-service","timestamp":"2024-11-22 11:23:30"}
{"level":"info","message":"Server started on port 5000","service":"posts-service","timestamp":"2024-11-22 11:25:15"}
{"level":"info","message":"Connected to database successfully","service":"posts-service","timestamp":"2024-11-22 11:25:17"}
{"level":"info","message":"Server started on port 5000","service":"posts-service","timestamp":"2024-11-22 11:25:18"}
{"level":"info","message":"Connected to database successfully","service":"posts-service","timestamp":"2024-11-22 11:25:19"}
{"level":"info","message":"Server started on port 5000","service":"posts-service","timestamp":"2024-11-22 11:25:21"}
{"level":"info","message":"Connected to database successfully","service":"posts-service","timestamp":"2024-11-22 11:25:22"}
{"level":"info","message":"Server started on port 5000","service":"posts-service","timestamp":"2024-11-22 11:25:25"}
{"level":"info","message":"Connected to database successfully","service":"posts-service","timestamp":"2024-11-22 11:25:26"}
{"level":"info","message":"Server started on port 5000","service":"posts-service","timestamp":"2024-11-22 11:25:31"}
{"level":"info","message":"Connected to database successfully","service":"posts-service","timestamp":"2024-11-22 11:25:32"}
{"level":"info","message":"Server started on port 5000","service":"posts-service","timestamp":"2024-11-22 11:26:01"}
{"level":"info","message":"Connected to database successfully","service":"posts-service","timestamp":"2024-11-22 11:26:02"}
{"category":"startup","imageUrl":"/uploads/image-1732255279365-339795273.jpg","level":"info","message":"Attempting to insert new post","service":"posts-service","timestamp":"2024-11-22 11:31:21","title":"The Role of Startups in Economic Growth"}
{"level":"info","message":"Post published successfully","service":"posts-service","timestamp":"2024-11-22 11:31:21"}
{"level":"info","message":"Server started on port 5000","service":"posts-service","timestamp":"2024-11-22 11:44:45"}
{"level":"info","message":"Connected to database successfully","service":"posts-service","timestamp":"2024-11-22 11:44:47"}
{"level":"info","message":"Server started on port 5000","service":"posts-service","timestamp":"2024-11-22 11:44:58"}
{"level":"info","message":"Connected to database successfully","service":"posts-service","timestamp":"2024-11-22 11:44:59"}
{"level":"info","message":"Server started on port 5000","service":"posts-service","timestamp":"2024-11-22 11:45:06"}
{"level":"info","message":"Connected to database successfully","service":"posts-service","timestamp":"2024-11-22 11:45:08"}
{"level":"info","message":"Server started on port 5000","service":"posts-service","timestamp":"2024-11-22 11:52:58"}
{"level":"info","message":"Connected to database successfully","service":"posts-service","timestamp":"2024-11-22 11:52:59"}
{"level":"info","message":"Server started on port 5000","service":"posts-service","timestamp":"2024-11-22 11:55:36"}
{"level":"info","message":"Connected to database successfully","service":"posts-service","timestamp":"2024-11-22 11:55:37"}
{"level":"info","message":"Server started on port 5000","service":"posts-service","timestamp":"2024-11-22 11:56:43"}
{"level":"info","message":"Connected to database successfully","service":"posts-service","timestamp":"2024-11-22 11:56:44"}
{"level":"info","message":"Server started on port 5000","service":"posts-service","timestamp":"2024-11-22 11:57:07"}
{"level":"info","message":"Connected to database successfully","service":"posts-service","timestamp":"2024-11-22 11:57:09"}
{"level":"info","message":"Server started on port 5000","service":"posts-service","timestamp":"2024-11-22 11:58:45"}
{"level":"info","message":"Connected to database successfully","service":"posts-service","timestamp":"2024-11-22 11:58:47"}
{"code":"42P01","file":"parse_relation.c","length":104,"level":"error","line":"1449","message":"error executing query relation \"posts\" does not exist","name":"error","position":"15","routine":"parserOpenTable","service":"posts-service","severity":"ERROR","stack":"error: relation \"posts\" does not exist\n    at G:\\i2u_react\\backend\\node_modules\\pg\\lib\\client.js:535:17\n    at process.processTicksAndRejections (node:internal/process/task_queues:95:5)\n    at async G:\\i2u_react\\backend\\server.js:99:22","timestamp":"2024-11-22 11:58:51"}
{"code":"42P01","file":"parse_relation.c","length":104,"level":"error","line":"1449","message":"error executing query relation \"posts\" does not exist","name":"error","position":"15","routine":"parserOpenTable","service":"posts-service","severity":"ERROR","stack":"error: relation \"posts\" does not exist\n    at G:\\i2u_react\\backend\\node_modules\\pg\\lib\\client.js:535:17\n    at process.processTicksAndRejections (node:internal/process/task_queues:95:5)\n    at async G:\\i2u_react\\backend\\server.js:99:22","timestamp":"2024-11-22 11:58:51"}
{"category":"startup","imageUrl":"/uploads/image-1732256981318-551781880.jpg","level":"info","message":"Attempting to insert new post","service":"posts-service","timestamp":"2024-11-22 11:59:41","title":" The Failures of Silicon Valley: Lessons Learned"}
{"error":"relation \"posts\" does not exist","level":"error","message":"Error publishing post:","service":"posts-service","stack":"error: relation \"posts\" does not exist\n    at G:\\i2u_react\\backend\\node_modules\\pg\\lib\\client.js:535:17\n    at process.processTicksAndRejections (node:internal/process/task_queues:95:5)\n    at async G:\\i2u_react\\backend\\server.js:179:20","timestamp":"2024-11-22 11:59:41"}
{"category":"startup","imageUrl":"/uploads/image-1732257003363-497587075.jpg","level":"info","message":"Attempting to insert new post","service":"posts-service","timestamp":"2024-11-22 12:00:03","title":" The Failures of Silicon Valley: Lessons Learned"}
{"level":"info","message":"Post published successfully","service":"posts-service","timestamp":"2024-11-22 12:00:03"}
{"level":"info","message":"Server started on port 5000","service":"posts-service","timestamp":"2024-11-22 12:00:50"}
{"level":"info","message":"Connected to database successfully","service":"posts-service","timestamp":"2024-11-22 12:00:51"}
{"category":"startup","imageUrl":"/uploads/image-1732257093607-570776225.jpeg","level":"info","message":"Attempting to insert new post","service":"posts-service","timestamp":"2024-11-22 12:01:33","title":"Role of startups"}
{"level":"info","message":"Post published successfully","service":"posts-service","timestamp":"2024-11-22 12:01:33"}
{"level":"info","message":"Server started on port 5000","service":"posts-service","timestamp":"2024-11-22 12:15:24"}
{"level":"info","message":"Connected to database successfully","service":"posts-service","timestamp":"2024-11-22 12:15:25"}
{"level":"error","message":"Uncaught Exception: Connection terminated unexpectedly","service":"posts-service","stack":"Error: Connection terminated unexpectedly\n    at Connection.<anonymous> (G:\\i2u_react\\backend\\node_modules\\pg\\lib\\client.js:131:73)\n    at Object.onceWrapper (node:events:633:28)\n    at Connection.emit (node:events:519:28)\n    at Socket.<anonymous> (G:\\i2u_react\\backend\\node_modules\\pg\\lib\\connection.js:62:12)\n    at Socket.emit (node:events:531:35)\n    at TCP.<anonymous> (node:net:337:12)","timestamp":"2024-11-23 12:45:08"}
{"level":"info","message":"Server started on port 5000","service":"posts-service","timestamp":"2024-11-23 12:56:51"}
{"level":"info","message":"Connected to database successfully","service":"posts-service","timestamp":"2024-11-23 12:56:53"}
{"level":"error","message":"Uncaught Exception: Connection terminated unexpectedly","service":"posts-service","stack":"Error: Connection terminated unexpectedly\n    at Connection.<anonymous> (G:\\i2u_react\\backend\\node_modules\\pg\\lib\\client.js:131:73)\n    at Object.onceWrapper (node:events:633:28)\n    at Connection.emit (node:events:519:28)\n    at Socket.<anonymous> (G:\\i2u_react\\backend\\node_modules\\pg\\lib\\connection.js:62:12)\n    at Socket.emit (node:events:531:35)\n    at TCP.<anonymous> (node:net:337:12)","timestamp":"2024-11-23 21:56:49"}
{"level":"info","message":"Server started on port 5000","service":"posts-service","timestamp":"2024-11-23 21:57:17"}
{"level":"info","message":"Connected to database successfully","service":"posts-service","timestamp":"2024-11-23 21:57:18"}
{"category":"startup","imageUrl":"/uploads/image-1732379460176-479357618.jpg","level":"info","message":"Attempting to insert new post","service":"posts-service","timestamp":"2024-11-23 22:01:00","title":"Mastering Financial Forecasting: Avoiding Errors in the Growth and Scaling Phase"}
{"level":"info","message":"Post published successfully","service":"posts-service","timestamp":"2024-11-23 22:01:00"}
{"category":"startup","imageUrl":"/uploads/image-1732379919198-299653256.jpg","level":"info","message":"Attempting to insert new post","service":"posts-service","timestamp":"2024-11-23 22:08:39","title":"Hello"}
{"level":"info","message":"Post published successfully","service":"posts-service","timestamp":"2024-11-23 22:08:39"}
{"level":"info","message":"Server started on port 5000","service":"posts-service","timestamp":"2024-11-24 13:49:49"}
{"level":"info","message":"Connected to database successfully","service":"posts-service","timestamp":"2024-11-24 13:49:50"}
{"level":"error","message":"Uncaught Exception: Connection terminated unexpectedly","service":"posts-service","stack":"Error: Connection terminated unexpectedly\n    at Connection.<anonymous> (G:\\i2u_react\\backend\\node_modules\\pg\\lib\\client.js:131:73)\n    at Object.onceWrapper (node:events:633:28)\n    at Connection.emit (node:events:519:28)\n    at Socket.<anonymous> (G:\\i2u_react\\backend\\node_modules\\pg\\lib\\connection.js:62:12)\n    at Socket.emit (node:events:531:35)\n    at TCP.<anonymous> (node:net:337:12)","timestamp":"2024-11-24 15:36:39"}
{"level":"info","message":"Server started on port 5000","service":"posts-service","timestamp":"2024-11-24 15:37:05"}
{"level":"info","message":"Connected to database successfully","service":"posts-service","timestamp":"2024-11-24 15:37:06"}
{"level":"info","message":"Server started on port 5000","service":"posts-service","timestamp":"2024-11-24 20:49:26"}
{"level":"info","message":"Connected to database successfully","service":"posts-service","timestamp":"2024-11-24 20:49:28"}
{"level":"info","message":"Server started on port 5000","service":"posts-service","timestamp":"2024-11-24 20:52:38"}
{"level":"info","message":"Connected to database successfully","service":"posts-service","timestamp":"2024-11-24 20:52:39"}
{"level":"info","message":"Server started on port 5000","service":"posts-service","timestamp":"2024-11-25 11:11:59"}
{"level":"info","message":"Connected to database successfully","service":"posts-service","timestamp":"2024-11-25 11:12:00"}
{"level":"info","message":"Server started on port 5000","service":"posts-service","timestamp":"2024-11-25 11:33:46"}
{"level":"info","message":"Connected to database successfully","service":"posts-service","timestamp":"2024-11-25 11:33:48"}
{"level":"error","message":"Uncaught Exception: Connection terminated unexpectedly","service":"posts-service","stack":"Error: Connection terminated unexpectedly\n    at Connection.<anonymous> (G:\\i2u_react\\backend\\node_modules\\pg\\lib\\client.js:131:73)\n    at Object.onceWrapper (node:events:633:28)\n    at Connection.emit (node:events:519:28)\n    at Socket.<anonymous> (G:\\i2u_react\\backend\\node_modules\\pg\\lib\\connection.js:62:12)\n    at Socket.emit (node:events:531:35)\n    at TCP.<anonymous> (node:net:337:12)","timestamp":"2024-11-26 10:35:21"}
{"level":"info","message":"Server started on port 5000","service":"posts-service","timestamp":"2024-11-26 10:35:49"}
{"level":"info","message":"Connected to database successfully","service":"posts-service","timestamp":"2024-11-26 10:35:51"}
{"level":"info","message":"Server started on port 5000","service":"posts-service","timestamp":"2024-11-26 11:55:05"}
{"level":"info","message":"Connected to database successfully","service":"posts-service","timestamp":"2024-11-26 11:55:07"}
{"level":"info","message":"Server started on port 5000","service":"posts-service","timestamp":"2024-11-26 16:01:14"}
{"code":"ENOTFOUND","errno":-3008,"hostname":"nujlkoas_i2u_mithi","level":"error","message":"Error connecting to database: getaddrinfo ENOTFOUND nujlkoas_i2u_mithi","service":"posts-service","stack":"Error: getaddrinfo ENOTFOUND nujlkoas_i2u_mithi\n    at GetAddrInfoReqWrap.onlookupall [as oncomplete] (node:dns:118:26)","syscall":"getaddrinfo","timestamp":"2024-11-26 16:01:15"}
{"level":"info","message":"Server started on port 5000","service":"posts-service","timestamp":"2024-11-26 16:02:30"}
{"code":"28P01","file":"auth.c","length":114,"level":"error","line":"324","message":"Error connecting to database: password authentication failed for user \"nujlkoas_i2u_mithi\"","name":"error","routine":"auth_failed","service":"posts-service","severity":"FATAL","stack":"error: password authentication failed for user \"nujlkoas_i2u_mithi\"\n    at Parser.parseErrorMessage (G:\\i2u_react\\backend\\node_modules\\pg-protocol\\dist\\parser.js:283:98)\n    at Parser.handlePacket (G:\\i2u_react\\backend\\node_modules\\pg-protocol\\dist\\parser.js:122:29)\n    at Parser.parse (G:\\i2u_react\\backend\\node_modules\\pg-protocol\\dist\\parser.js:35:38)\n    at Socket.<anonymous> (G:\\i2u_react\\backend\\node_modules\\pg-protocol\\dist\\index.js:11:42)\n    at Socket.emit (node:events:519:28)\n    at addChunk (node:internal/streams/readable:559:12)\n    at readableAddChunkPushByteMode (node:internal/streams/readable:510:3)\n    at Readable.push (node:internal/streams/readable:390:5)\n    at TCP.onStreamRead (node:internal/stream_base_commons:190:23)","timestamp":"2024-11-26 16:02:30"}
{"level":"info","message":"Server started on port 5000","service":"posts-service","timestamp":"2024-11-26 16:03:31"}
{"code":"28P01","file":"auth.c","length":114,"level":"error","line":"324","message":"Error connecting to database: password authentication failed for user \"nujlkoas_i2u_mithi\"","name":"error","routine":"auth_failed","service":"posts-service","severity":"FATAL","stack":"error: password authentication failed for user \"nujlkoas_i2u_mithi\"\n    at Parser.parseErrorMessage (G:\\i2u_react\\backend\\node_modules\\pg-protocol\\dist\\parser.js:283:98)\n    at Parser.handlePacket (G:\\i2u_react\\backend\\node_modules\\pg-protocol\\dist\\parser.js:122:29)\n    at Parser.parse (G:\\i2u_react\\backend\\node_modules\\pg-protocol\\dist\\parser.js:35:38)\n    at Socket.<anonymous> (G:\\i2u_react\\backend\\node_modules\\pg-protocol\\dist\\index.js:11:42)\n    at Socket.emit (node:events:519:28)\n    at addChunk (node:internal/streams/readable:559:12)\n    at readableAddChunkPushByteMode (node:internal/streams/readable:510:3)\n    at Readable.push (node:internal/streams/readable:390:5)\n    at TCP.onStreamRead (node:internal/stream_base_commons:190:23)","timestamp":"2024-11-26 16:03:31"}
{"level":"info","message":"Server started on port 5000","service":"posts-service","timestamp":"2024-11-26 16:04:10"}
{"code":"28P01","file":"auth.c","length":114,"level":"error","line":"324","message":"Error connecting to database: password authentication failed for user \"nujlkoas_i2u_mithi\"","name":"error","routine":"auth_failed","service":"posts-service","severity":"FATAL","stack":"error: password authentication failed for user \"nujlkoas_i2u_mithi\"\n    at Parser.parseErrorMessage (G:\\i2u_react\\backend\\node_modules\\pg-protocol\\dist\\parser.js:283:98)\n    at Parser.handlePacket (G:\\i2u_react\\backend\\node_modules\\pg-protocol\\dist\\parser.js:122:29)\n    at Parser.parse (G:\\i2u_react\\backend\\node_modules\\pg-protocol\\dist\\parser.js:35:38)\n    at Socket.<anonymous> (G:\\i2u_react\\backend\\node_modules\\pg-protocol\\dist\\index.js:11:42)\n    at Socket.emit (node:events:519:28)\n    at addChunk (node:internal/streams/readable:559:12)\n    at readableAddChunkPushByteMode (node:internal/streams/readable:510:3)\n    at Readable.push (node:internal/streams/readable:390:5)\n    at TCP.onStreamRead (node:internal/stream_base_commons:190:23)","timestamp":"2024-11-26 16:04:10"}
{"level":"info","message":"Server started on port 5000","service":"posts-service","timestamp":"2024-11-26 16:04:55"}
{"code":"28P01","file":"auth.c","length":114,"level":"error","line":"324","message":"Error connecting to database: password authentication failed for user \"nujlkoas_i2u_mithi\"","name":"error","routine":"auth_failed","service":"posts-service","severity":"FATAL","stack":"error: password authentication failed for user \"nujlkoas_i2u_mithi\"\n    at Parser.parseErrorMessage (G:\\i2u_react\\backend\\node_modules\\pg-protocol\\dist\\parser.js:283:98)\n    at Parser.handlePacket (G:\\i2u_react\\backend\\node_modules\\pg-protocol\\dist\\parser.js:122:29)\n    at Parser.parse (G:\\i2u_react\\backend\\node_modules\\pg-protocol\\dist\\parser.js:35:38)\n    at Socket.<anonymous> (G:\\i2u_react\\backend\\node_modules\\pg-protocol\\dist\\index.js:11:42)\n    at Socket.emit (node:events:519:28)\n    at addChunk (node:internal/streams/readable:559:12)\n    at readableAddChunkPushByteMode (node:internal/streams/readable:510:3)\n    at Readable.push (node:internal/streams/readable:390:5)\n    at TCP.onStreamRead (node:internal/stream_base_commons:190:23)","timestamp":"2024-11-26 16:04:55"}
{"level":"info","message":"Server started on port 5000","service":"posts-service","timestamp":"2024-11-26 16:05:50"}
{"code":"28P01","file":"auth.c","length":114,"level":"error","line":"324","message":"Error connecting to database: password authentication failed for user \"nujlkoas_i2u_mithi\"","name":"error","routine":"auth_failed","service":"posts-service","severity":"FATAL","stack":"error: password authentication failed for user \"nujlkoas_i2u_mithi\"\n    at Parser.parseErrorMessage (G:\\i2u_react\\backend\\node_modules\\pg-protocol\\dist\\parser.js:283:98)\n    at Parser.handlePacket (G:\\i2u_react\\backend\\node_modules\\pg-protocol\\dist\\parser.js:122:29)\n    at Parser.parse (G:\\i2u_react\\backend\\node_modules\\pg-protocol\\dist\\parser.js:35:38)\n    at Socket.<anonymous> (G:\\i2u_react\\backend\\node_modules\\pg-protocol\\dist\\index.js:11:42)\n    at Socket.emit (node:events:519:28)\n    at addChunk (node:internal/streams/readable:559:12)\n    at readableAddChunkPushByteMode (node:internal/streams/readable:510:3)\n    at Readable.push (node:internal/streams/readable:390:5)\n    at TCP.onStreamRead (node:internal/stream_base_commons:190:23)","timestamp":"2024-11-26 16:05:50"}
{"level":"info","message":"Server started on port 5000","service":"posts-service","timestamp":"2024-11-26 16:10:13"}
{"code":"28P01","file":"auth.c","length":114,"level":"error","line":"324","message":"Error connecting to database: password authentication failed for user \"nujlkoas_i2u_mithi\"","name":"error","routine":"auth_failed","service":"posts-service","severity":"FATAL","stack":"error: password authentication failed for user \"nujlkoas_i2u_mithi\"\n    at Parser.parseErrorMessage (G:\\i2u_react\\backend\\node_modules\\pg-protocol\\dist\\parser.js:283:98)\n    at Parser.handlePacket (G:\\i2u_react\\backend\\node_modules\\pg-protocol\\dist\\parser.js:122:29)\n    at Parser.parse (G:\\i2u_react\\backend\\node_modules\\pg-protocol\\dist\\parser.js:35:38)\n    at Socket.<anonymous> (G:\\i2u_react\\backend\\node_modules\\pg-protocol\\dist\\index.js:11:42)\n    at Socket.emit (node:events:519:28)\n    at addChunk (node:internal/streams/readable:559:12)\n    at readableAddChunkPushByteMode (node:internal/streams/readable:510:3)\n    at Readable.push (node:internal/streams/readable:390:5)\n    at TCP.onStreamRead (node:internal/stream_base_commons:190:23)","timestamp":"2024-11-26 16:10:13"}
{"level":"info","message":"Server started on port 5000","service":"posts-service","timestamp":"2024-11-26 16:10:20"}
{"code":"28P01","file":"auth.c","length":114,"level":"error","line":"324","message":"Error connecting to database: password authentication failed for user \"nujlkoas_i2u_mithi\"","name":"error","routine":"auth_failed","service":"posts-service","severity":"FATAL","stack":"error: password authentication failed for user \"nujlkoas_i2u_mithi\"\n    at Parser.parseErrorMessage (G:\\i2u_react\\backend\\node_modules\\pg-protocol\\dist\\parser.js:283:98)\n    at Parser.handlePacket (G:\\i2u_react\\backend\\node_modules\\pg-protocol\\dist\\parser.js:122:29)\n    at Parser.parse (G:\\i2u_react\\backend\\node_modules\\pg-protocol\\dist\\parser.js:35:38)\n    at Socket.<anonymous> (G:\\i2u_react\\backend\\node_modules\\pg-protocol\\dist\\index.js:11:42)\n    at Socket.emit (node:events:519:28)\n    at addChunk (node:internal/streams/readable:559:12)\n    at readableAddChunkPushByteMode (node:internal/streams/readable:510:3)\n    at Readable.push (node:internal/streams/readable:390:5)\n    at TCP.onStreamRead (node:internal/stream_base_commons:190:23)","timestamp":"2024-11-26 16:10:20"}
{"level":"info","message":"Server started on port 5000","service":"posts-service","timestamp":"2024-11-26 16:10:43"}
{"code":"28P01","file":"auth.c","length":114,"level":"error","line":"324","message":"Error connecting to database: password authentication failed for user \"nujlkoas_i2u_mithi\"","name":"error","routine":"auth_failed","service":"posts-service","severity":"FATAL","stack":"error: password authentication failed for user \"nujlkoas_i2u_mithi\"\n    at Parser.parseErrorMessage (G:\\i2u_react\\backend\\node_modules\\pg-protocol\\dist\\parser.js:283:98)\n    at Parser.handlePacket (G:\\i2u_react\\backend\\node_modules\\pg-protocol\\dist\\parser.js:122:29)\n    at Parser.parse (G:\\i2u_react\\backend\\node_modules\\pg-protocol\\dist\\parser.js:35:38)\n    at Socket.<anonymous> (G:\\i2u_react\\backend\\node_modules\\pg-protocol\\dist\\index.js:11:42)\n    at Socket.emit (node:events:519:28)\n    at addChunk (node:internal/streams/readable:559:12)\n    at readableAddChunkPushByteMode (node:internal/streams/readable:510:3)\n    at Readable.push (node:internal/streams/readable:390:5)\n    at TCP.onStreamRead (node:internal/stream_base_commons:190:23)","timestamp":"2024-11-26 16:10:43"}
{"level":"info","message":"Server started on port 5000","service":"posts-service","timestamp":"2024-11-26 16:10:52"}
{"code":"28P01","file":"auth.c","length":114,"level":"error","line":"324","message":"Error connecting to database: password authentication failed for user \"nujlkoas_i2u_mithi\"","name":"error","routine":"auth_failed","service":"posts-service","severity":"FATAL","stack":"error: password authentication failed for user \"nujlkoas_i2u_mithi\"\n    at Parser.parseErrorMessage (G:\\i2u_react\\backend\\node_modules\\pg-protocol\\dist\\parser.js:283:98)\n    at Parser.handlePacket (G:\\i2u_react\\backend\\node_modules\\pg-protocol\\dist\\parser.js:122:29)\n    at Parser.parse (G:\\i2u_react\\backend\\node_modules\\pg-protocol\\dist\\parser.js:35:38)\n    at Socket.<anonymous> (G:\\i2u_react\\backend\\node_modules\\pg-protocol\\dist\\index.js:11:42)\n    at Socket.emit (node:events:519:28)\n    at addChunk (node:internal/streams/readable:559:12)\n    at readableAddChunkPushByteMode (node:internal/streams/readable:510:3)\n    at Readable.push (node:internal/streams/readable:390:5)\n    at TCP.onStreamRead (node:internal/stream_base_commons:190:23)","timestamp":"2024-11-26 16:10:52"}
{"level":"info","message":"Server started on port 5000","service":"posts-service","timestamp":"2024-11-26 16:15:17"}
{"code":"28P01","file":"auth.c","length":113,"level":"error","line":"324","message":"Error connecting to database: password authentication failed for user \"nujlkoas_testuser\"","name":"error","routine":"auth_failed","service":"posts-service","severity":"FATAL","stack":"error: password authentication failed for user \"nujlkoas_testuser\"\n    at Parser.parseErrorMessage (G:\\i2u_react\\backend\\node_modules\\pg-protocol\\dist\\parser.js:283:98)\n    at Parser.handlePacket (G:\\i2u_react\\backend\\node_modules\\pg-protocol\\dist\\parser.js:122:29)\n    at Parser.parse (G:\\i2u_react\\backend\\node_modules\\pg-protocol\\dist\\parser.js:35:38)\n    at Socket.<anonymous> (G:\\i2u_react\\backend\\node_modules\\pg-protocol\\dist\\index.js:11:42)\n    at Socket.emit (node:events:519:28)\n    at addChunk (node:internal/streams/readable:559:12)\n    at readableAddChunkPushByteMode (node:internal/streams/readable:510:3)\n    at Readable.push (node:internal/streams/readable:390:5)\n    at TCP.onStreamRead (node:internal/stream_base_commons:190:23)","timestamp":"2024-11-26 16:15:17"}
{"level":"info","message":"Server started on port 5000","service":"posts-service","timestamp":"2024-11-26 16:15:53"}
{"code":"28P01","file":"auth.c","length":113,"level":"error","line":"324","message":"Error connecting to database: password authentication failed for user \"nujlkoas_testuser\"","name":"error","routine":"auth_failed","service":"posts-service","severity":"FATAL","stack":"error: password authentication failed for user \"nujlkoas_testuser\"\n    at Parser.parseErrorMessage (G:\\i2u_react\\backend\\node_modules\\pg-protocol\\dist\\parser.js:283:98)\n    at Parser.handlePacket (G:\\i2u_react\\backend\\node_modules\\pg-protocol\\dist\\parser.js:122:29)\n    at Parser.parse (G:\\i2u_react\\backend\\node_modules\\pg-protocol\\dist\\parser.js:35:38)\n    at Socket.<anonymous> (G:\\i2u_react\\backend\\node_modules\\pg-protocol\\dist\\index.js:11:42)\n    at Socket.emit (node:events:519:28)\n    at addChunk (node:internal/streams/readable:559:12)\n    at readableAddChunkPushByteMode (node:internal/streams/readable:510:3)\n    at Readable.push (node:internal/streams/readable:390:5)\n    at TCP.onStreamRead (node:internal/stream_base_commons:190:23)","timestamp":"2024-11-26 16:15:53"}
{"level":"info","message":"Server started on port 5000","service":"posts-service","timestamp":"2024-11-26 16:17:31"}
{"code":"28P01","file":"auth.c","length":113,"level":"error","line":"324","message":"Error connecting to database: password authentication failed for user \"nujlkoas_testuser\"","name":"error","routine":"auth_failed","service":"posts-service","severity":"FATAL","stack":"error: password authentication failed for user \"nujlkoas_testuser\"\n    at Parser.parseErrorMessage (G:\\i2u_react\\backend\\node_modules\\pg-protocol\\dist\\parser.js:283:98)\n    at Parser.handlePacket (G:\\i2u_react\\backend\\node_modules\\pg-protocol\\dist\\parser.js:122:29)\n    at Parser.parse (G:\\i2u_react\\backend\\node_modules\\pg-protocol\\dist\\parser.js:35:38)\n    at Socket.<anonymous> (G:\\i2u_react\\backend\\node_modules\\pg-protocol\\dist\\index.js:11:42)\n    at Socket.emit (node:events:519:28)\n    at addChunk (node:internal/streams/readable:559:12)\n    at readableAddChunkPushByteMode (node:internal/streams/readable:510:3)\n    at Readable.push (node:internal/streams/readable:390:5)\n    at TCP.onStreamRead (node:internal/stream_base_commons:190:23)","timestamp":"2024-11-26 16:17:31"}
{"level":"info","message":"Server started on port 5000","service":"posts-service","timestamp":"2024-11-26 16:17:54"}
{"code":"28P01","file":"auth.c","length":113,"level":"error","line":"324","message":"Error connecting to database: password authentication failed for user \"nujlkoas_testuser\"","name":"error","routine":"auth_failed","service":"posts-service","severity":"FATAL","stack":"error: password authentication failed for user \"nujlkoas_testuser\"\n    at Parser.parseErrorMessage (G:\\i2u_react\\backend\\node_modules\\pg-protocol\\dist\\parser.js:283:98)\n    at Parser.handlePacket (G:\\i2u_react\\backend\\node_modules\\pg-protocol\\dist\\parser.js:122:29)\n    at Parser.parse (G:\\i2u_react\\backend\\node_modules\\pg-protocol\\dist\\parser.js:35:38)\n    at Socket.<anonymous> (G:\\i2u_react\\backend\\node_modules\\pg-protocol\\dist\\index.js:11:42)\n    at Socket.emit (node:events:519:28)\n    at addChunk (node:internal/streams/readable:559:12)\n    at readableAddChunkPushByteMode (node:internal/streams/readable:510:3)\n    at Readable.push (node:internal/streams/readable:390:5)\n    at TCP.onStreamRead (node:internal/stream_base_commons:190:23)","timestamp":"2024-11-26 16:17:54"}
{"level":"info","message":"Server started on port 5000","service":"posts-service","timestamp":"2024-11-26 16:19:43"}
{"code":"28P01","file":"auth.c","length":113,"level":"error","line":"324","message":"Error connecting to database: password authentication failed for user \"nujlkoas_testuser\"","name":"error","routine":"auth_failed","service":"posts-service","severity":"FATAL","stack":"error: password authentication failed for user \"nujlkoas_testuser\"\n    at Parser.parseErrorMessage (G:\\i2u_react\\backend\\node_modules\\pg-protocol\\dist\\parser.js:283:98)\n    at Parser.handlePacket (G:\\i2u_react\\backend\\node_modules\\pg-protocol\\dist\\parser.js:122:29)\n    at Parser.parse (G:\\i2u_react\\backend\\node_modules\\pg-protocol\\dist\\parser.js:35:38)\n    at Socket.<anonymous> (G:\\i2u_react\\backend\\node_modules\\pg-protocol\\dist\\index.js:11:42)\n    at Socket.emit (node:events:519:28)\n    at addChunk (node:internal/streams/readable:559:12)\n    at readableAddChunkPushByteMode (node:internal/streams/readable:510:3)\n    at Readable.push (node:internal/streams/readable:390:5)\n    at TCP.onStreamRead (node:internal/stream_base_commons:190:23)","timestamp":"2024-11-26 16:19:43"}
{"level":"info","message":"Server started on port 5000","service":"posts-service","timestamp":"2024-11-26 16:20:04"}
{"code":"28P01","file":"auth.c","length":113,"level":"error","line":"324","message":"Error connecting to database: password authentication failed for user \"nujlkoas_testuser\"","name":"error","routine":"auth_failed","service":"posts-service","severity":"FATAL","stack":"error: password authentication failed for user \"nujlkoas_testuser\"\n    at Parser.parseErrorMessage (G:\\i2u_react\\backend\\node_modules\\pg-protocol\\dist\\parser.js:283:98)\n    at Parser.handlePacket (G:\\i2u_react\\backend\\node_modules\\pg-protocol\\dist\\parser.js:122:29)\n    at Parser.parse (G:\\i2u_react\\backend\\node_modules\\pg-protocol\\dist\\parser.js:35:38)\n    at Socket.<anonymous> (G:\\i2u_react\\backend\\node_modules\\pg-protocol\\dist\\index.js:11:42)\n    at Socket.emit (node:events:519:28)\n    at addChunk (node:internal/streams/readable:559:12)\n    at readableAddChunkPushByteMode (node:internal/streams/readable:510:3)\n    at Readable.push (node:internal/streams/readable:390:5)\n    at TCP.onStreamRead (node:internal/stream_base_commons:190:23)","timestamp":"2024-11-26 16:20:04"}
{"level":"info","message":"Server started on port 5000","service":"posts-service","timestamp":"2024-11-26 16:25:37"}
{"error":{"code":"28P01","connectionConfig":{"database":"nujlkoas_test","host":"127.0.0.1","port":"5432","ssl":false,"user":"nujlkoas_testuser"},"message":"password authentication failed for user \"nujlkoas_testuser\"","stack":"error: password authentication failed for user \"nujlkoas_testuser\"\n    at Parser.parseErrorMessage (G:\\i2u_react\\backend\\node_modules\\pg-protocol\\dist\\parser.js:283:98)\n    at Parser.handlePacket (G:\\i2u_react\\backend\\node_modules\\pg-protocol\\dist\\parser.js:122:29)\n    at Parser.parse (G:\\i2u_react\\backend\\node_modules\\pg-protocol\\dist\\parser.js:35:38)\n    at Socket.<anonymous> (G:\\i2u_react\\backend\\node_modules\\pg-protocol\\dist\\index.js:11:42)\n    at Socket.emit (node:events:519:28)\n    at addChunk (node:internal/streams/readable:559:12)\n    at readableAddChunkPushByteMode (node:internal/streams/readable:510:3)\n    at Readable.push (node:internal/streams/readable:390:5)\n    at TCP.onStreamRead (node:internal/stream_base_commons:190:23)","timestamp":"2024-11-26T10:55:37.556Z"},"level":"error","message":"Database connection error:","service":"posts-service","timestamp":"2024-11-26 16:25:37"}
{"level":"info","message":"Server started on port 5000","service":"posts-service","timestamp":"2024-11-26 16:40:49"}
{"error":{"code":"28P01","connectionConfig":{"database":"nujlkoas_test","host":"127.0.0.1","port":"5432","ssl":false,"user":"nujlkoas_testuser"},"message":"password authentication failed for user \"nujlkoas_testuser\"","stack":"error: password authentication failed for user \"nujlkoas_testuser\"\n    at Parser.parseErrorMessage (G:\\i2u_react\\backend\\node_modules\\pg-protocol\\dist\\parser.js:283:98)\n    at Parser.handlePacket (G:\\i2u_react\\backend\\node_modules\\pg-protocol\\dist\\parser.js:122:29)\n    at Parser.parse (G:\\i2u_react\\backend\\node_modules\\pg-protocol\\dist\\parser.js:35:38)\n    at Socket.<anonymous> (G:\\i2u_react\\backend\\node_modules\\pg-protocol\\dist\\index.js:11:42)\n    at Socket.emit (node:events:519:28)\n    at addChunk (node:internal/streams/readable:559:12)\n    at readableAddChunkPushByteMode (node:internal/streams/readable:510:3)\n    at Readable.push (node:internal/streams/readable:390:5)\n    at TCP.onStreamRead (node:internal/stream_base_commons:190:23)","timestamp":"2024-11-26T11:10:49.897Z"},"level":"error","message":"Database connection error:","service":"posts-service","timestamp":"2024-11-26 16:40:49"}
{"level":"info","message":"Server started on port 5000","service":"posts-service","timestamp":"2024-11-26 16:40:51"}
{"error":{"code":"28P01","connectionConfig":{"database":"nujlkoas_test","host":"127.0.0.1","port":"5432","ssl":false,"user":"nujlkoas_testuser"},"message":"password authentication failed for user \"nujlkoas_testuser\"","stack":"error: password authentication failed for user \"nujlkoas_testuser\"\n    at Parser.parseErrorMessage (G:\\i2u_react\\backend\\node_modules\\pg-protocol\\dist\\parser.js:283:98)\n    at Parser.handlePacket (G:\\i2u_react\\backend\\node_modules\\pg-protocol\\dist\\parser.js:122:29)\n    at Parser.parse (G:\\i2u_react\\backend\\node_modules\\pg-protocol\\dist\\parser.js:35:38)\n    at Socket.<anonymous> (G:\\i2u_react\\backend\\node_modules\\pg-protocol\\dist\\index.js:11:42)\n    at Socket.emit (node:events:519:28)\n    at addChunk (node:internal/streams/readable:559:12)\n    at readableAddChunkPushByteMode (node:internal/streams/readable:510:3)\n    at Readable.push (node:internal/streams/readable:390:5)\n    at TCP.onStreamRead (node:internal/stream_base_commons:190:23)","timestamp":"2024-11-26T11:10:52.039Z"},"level":"error","message":"Database connection error:","service":"posts-service","timestamp":"2024-11-26 16:40:52"}
{"level":"info","message":"Server started on port 5000","service":"posts-service","timestamp":"2024-11-26 16:40:53"}
{"error":{"code":"28P01","connectionConfig":{"database":"nujlkoas_test","host":"127.0.0.1","port":"5432","ssl":false,"user":"nujlkoas_testuser"},"message":"password authentication failed for user \"nujlkoas_testuser\"","stack":"error: password authentication failed for user \"nujlkoas_testuser\"\n    at Parser.parseErrorMessage (G:\\i2u_react\\backend\\node_modules\\pg-protocol\\dist\\parser.js:283:98)\n    at Parser.handlePacket (G:\\i2u_react\\backend\\node_modules\\pg-protocol\\dist\\parser.js:122:29)\n    at Parser.parse (G:\\i2u_react\\backend\\node_modules\\pg-protocol\\dist\\parser.js:35:38)\n    at Socket.<anonymous> (G:\\i2u_react\\backend\\node_modules\\pg-protocol\\dist\\index.js:11:42)\n    at Socket.emit (node:events:519:28)\n    at addChunk (node:internal/streams/readable:559:12)\n    at readableAddChunkPushByteMode (node:internal/streams/readable:510:3)\n    at Readable.push (node:internal/streams/readable:390:5)\n    at TCP.onStreamRead (node:internal/stream_base_commons:190:23)","timestamp":"2024-11-26T11:10:53.465Z"},"level":"error","message":"Database connection error:","service":"posts-service","timestamp":"2024-11-26 16:40:53"}
{"level":"info","message":"Server started on port 5000","service":"posts-service","timestamp":"2024-11-26 16:41:31"}
{"error":{"code":"28P01","connectionConfig":{"database":"nujlkoas_test","host":"127.0.0.1","port":"5432","ssl":false,"user":"nujlkoas_testuser"},"message":"password authentication failed for user \"nujlkoas_testuser\"","stack":"error: password authentication failed for user \"nujlkoas_testuser\"\n    at Parser.parseErrorMessage (G:\\i2u_react\\backend\\node_modules\\pg-protocol\\dist\\parser.js:283:98)\n    at Parser.handlePacket (G:\\i2u_react\\backend\\node_modules\\pg-protocol\\dist\\parser.js:122:29)\n    at Parser.parse (G:\\i2u_react\\backend\\node_modules\\pg-protocol\\dist\\parser.js:35:38)\n    at Socket.<anonymous> (G:\\i2u_react\\backend\\node_modules\\pg-protocol\\dist\\index.js:11:42)\n    at Socket.emit (node:events:519:28)\n    at addChunk (node:internal/streams/readable:559:12)\n    at readableAddChunkPushByteMode (node:internal/streams/readable:510:3)\n    at Readable.push (node:internal/streams/readable:390:5)\n    at TCP.onStreamRead (node:internal/stream_base_commons:190:23)","timestamp":"2024-11-26T11:11:31.332Z"},"level":"error","message":"Database connection error:","service":"posts-service","timestamp":"2024-11-26 16:41:31"}
{"level":"info","message":"Server started on port 5000","service":"posts-service","timestamp":"2024-11-26 16:41:37"}
{"error":{"code":"28P01","connectionConfig":{"database":"nujlkoas_test","host":"127.0.0.1","port":"5432","ssl":false,"user":"nujlkoas_testuser"},"message":"password authentication failed for user \"nujlkoas_testuser\"","stack":"error: password authentication failed for user \"nujlkoas_testuser\"\n    at Parser.parseErrorMessage (G:\\i2u_react\\backend\\node_modules\\pg-protocol\\dist\\parser.js:283:98)\n    at Parser.handlePacket (G:\\i2u_react\\backend\\node_modules\\pg-protocol\\dist\\parser.js:122:29)\n    at Parser.parse (G:\\i2u_react\\backend\\node_modules\\pg-protocol\\dist\\parser.js:35:38)\n    at Socket.<anonymous> (G:\\i2u_react\\backend\\node_modules\\pg-protocol\\dist\\index.js:11:42)\n    at Socket.emit (node:events:519:28)\n    at addChunk (node:internal/streams/readable:559:12)\n    at readableAddChunkPushByteMode (node:internal/streams/readable:510:3)\n    at Readable.push (node:internal/streams/readable:390:5)\n    at TCP.onStreamRead (node:internal/stream_base_commons:190:23)","timestamp":"2024-11-26T11:11:37.119Z"},"level":"error","message":"Database connection error:","service":"posts-service","timestamp":"2024-11-26 16:41:37"}
{"level":"info","message":"Server started on port 5000","service":"posts-service","timestamp":"2024-11-26 18:23:55"}
{"error":{"code":"28P01","connectionConfig":{"database":"nujlkoas_test","host":"127.0.0.1","port":"5432","ssl":false,"user":"nujlkoas_testuser"},"message":"password authentication failed for user \"nujlkoas_testuser\"","stack":"error: password authentication failed for user \"nujlkoas_testuser\"\n    at Parser.parseErrorMessage (G:\\i2u_react\\backend\\node_modules\\pg-protocol\\dist\\parser.js:283:98)\n    at Parser.handlePacket (G:\\i2u_react\\backend\\node_modules\\pg-protocol\\dist\\parser.js:122:29)\n    at Parser.parse (G:\\i2u_react\\backend\\node_modules\\pg-protocol\\dist\\parser.js:35:38)\n    at Socket.<anonymous> (G:\\i2u_react\\backend\\node_modules\\pg-protocol\\dist\\index.js:11:42)\n    at Socket.emit (node:events:519:28)\n    at addChunk (node:internal/streams/readable:559:12)\n    at readableAddChunkPushByteMode (node:internal/streams/readable:510:3)\n    at Readable.push (node:internal/streams/readable:390:5)\n    at TCP.onStreamRead (node:internal/stream_base_commons:190:23)","timestamp":"2024-11-26T12:53:55.916Z"},"level":"error","message":"Database connection error:","service":"posts-service","timestamp":"2024-11-26 18:23:55"}
{"level":"info","message":"Server started on port 5000","service":"posts-service","timestamp":"2024-11-26 18:44:01"}
{"error":{"code":"28P01","connectionConfig":{"database":"nujlkoas_test","host":"127.0.0.1","port":"5432","ssl":false,"user":"nujlkoas_testuser"},"message":"password authentication failed for user \"nujlkoas_testuser\"","stack":"error: password authentication failed for user \"nujlkoas_testuser\"\n    at Parser.parseErrorMessage (G:\\i2u_react\\backend\\node_modules\\pg-protocol\\dist\\parser.js:283:98)\n    at Parser.handlePacket (G:\\i2u_react\\backend\\node_modules\\pg-protocol\\dist\\parser.js:122:29)\n    at Parser.parse (G:\\i2u_react\\backend\\node_modules\\pg-protocol\\dist\\parser.js:35:38)\n    at Socket.<anonymous> (G:\\i2u_react\\backend\\node_modules\\pg-protocol\\dist\\index.js:11:42)\n    at Socket.emit (node:events:519:28)\n    at addChunk (node:internal/streams/readable:559:12)\n    at readableAddChunkPushByteMode (node:internal/streams/readable:510:3)\n    at Readable.push (node:internal/streams/readable:390:5)\n    at TCP.onStreamRead (node:internal/stream_base_commons:190:23)","timestamp":"2024-11-26T13:14:01.409Z"},"level":"error","message":"Database connection error:","service":"posts-service","timestamp":"2024-11-26 18:44:01"}
{"level":"info","message":"Server started on port 5000","service":"posts-service","timestamp":"2024-11-27 11:43:25"}
{"error":{"code":"28P01","connectionConfig":{"database":"nujlkoas_test","host":"127.0.0.1","port":"5432","ssl":false,"user":"nujlkoas_testuser"},"message":"password authentication failed for user \"nujlkoas_testuser\"","stack":"error: password authentication failed for user \"nujlkoas_testuser\"\n    at Parser.parseErrorMessage (G:\\i2u_react\\backend\\node_modules\\pg-protocol\\dist\\parser.js:283:98)\n    at Parser.handlePacket (G:\\i2u_react\\backend\\node_modules\\pg-protocol\\dist\\parser.js:122:29)\n    at Parser.parse (G:\\i2u_react\\backend\\node_modules\\pg-protocol\\dist\\parser.js:35:38)\n    at Socket.<anonymous> (G:\\i2u_react\\backend\\node_modules\\pg-protocol\\dist\\index.js:11:42)\n    at Socket.emit (node:events:519:28)\n    at addChunk (node:internal/streams/readable:559:12)\n    at readableAddChunkPushByteMode (node:internal/streams/readable:510:3)\n    at Readable.push (node:internal/streams/readable:390:5)\n    at TCP.onStreamRead (node:internal/stream_base_commons:190:23)","timestamp":"2024-11-27T06:13:25.178Z"},"level":"error","message":"Database connection error:","service":"posts-service","timestamp":"2024-11-27 11:43:25"}
{"level":"info","message":"Server started on port 5000","service":"posts-service","timestamp":"2024-11-27 11:58:50"}
{"error":{"code":"28000","connectionConfig":{"database":"i2u_db","host":"dpg-csmt0u1u0jms73fsvgrg-a.oregon-postgres.render.com","port":"5432","ssl":false,"user":"i2u_db_user"},"message":"SSL/TLS required","stack":"error: SSL/TLS required\n    at Parser.parseErrorMessage (G:\\i2u_react\\backend\\node_modules\\pg-protocol\\dist\\parser.js:283:98)\n    at Parser.handlePacket (G:\\i2u_react\\backend\\node_modules\\pg-protocol\\dist\\parser.js:122:29)\n    at Parser.parse (G:\\i2u_react\\backend\\node_modules\\pg-protocol\\dist\\parser.js:35:38)\n    at Socket.<anonymous> (G:\\i2u_react\\backend\\node_modules\\pg-protocol\\dist\\index.js:11:42)\n    at Socket.emit (node:events:519:28)\n    at addChunk (node:internal/streams/readable:559:12)\n    at readableAddChunkPushByteMode (node:internal/streams/readable:510:3)\n    at Readable.push (node:internal/streams/readable:390:5)\n    at TCP.onStreamRead (node:internal/stream_base_commons:190:23)","timestamp":"2024-11-27T06:28:50.866Z"},"level":"error","message":"Database connection error:","service":"posts-service","timestamp":"2024-11-27 11:58:50"}
{"level":"info","message":"Server started on port 5000","service":"posts-service","timestamp":"2024-11-27 11:59:46"}
{"database":"i2u_db","host":"dpg-csmt0u1u0jms73fsvgrg-a.oregon-postgres.render.com","level":"info","message":"Database connected successfully","service":"posts-service","timestamp":"2024-11-27T06:29:48.143Z"}
{"level":"info","message":"Server started on port 5000","service":"posts-service","timestamp":"2024-11-27 11:59:54"}
{"database":"i2u_db","host":"dpg-csmt0u1u0jms73fsvgrg-a.oregon-postgres.render.com","level":"info","message":"Database connected successfully","service":"posts-service","timestamp":"2024-11-27T06:29:55.545Z"}
{"level":"info","message":"Server started on port 5000","service":"posts-service","timestamp":"2024-11-27 12:03:44"}
{"error":{"connectionConfig":{"database":"nujlkoas_test","host":"127.0.0.1","port":"5432","ssl":false,"user":"nujlkoas_testuser"},"message":"The server does not support SSL connections","stack":"Error: The server does not support SSL connections\n    at Socket.<anonymous> (G:\\i2u_react\\backend\\node_modules\\pg\\lib\\connection.js:76:37)\n    at Object.onceWrapper (node:events:634:26)\n    at Socket.emit (node:events:519:28)\n    at addChunk (node:internal/streams/readable:559:12)\n    at readableAddChunkPushByteMode (node:internal/streams/readable:510:3)\n    at Readable.push (node:internal/streams/readable:390:5)\n    at TCP.onStreamRead (node:internal/stream_base_commons:190:23)","timestamp":"2024-11-27T06:33:44.527Z"},"level":"error","message":"Database connection error:","service":"posts-service","timestamp":"2024-11-27 12:03:44"}
{"level":"info","message":"Server started on port 5000","service":"posts-service","timestamp":"2024-11-27 12:05:58"}
{"error":{"connectionConfig":{"database":"nujlkoas_test","host":"127.0.0.1","port":"5432","ssl":false,"user":"nujlkoas_testuser"},"message":"The server does not support SSL connections","stack":"Error: The server does not support SSL connections\n    at Socket.<anonymous> (G:\\i2u_react\\backend\\node_modules\\pg\\lib\\connection.js:76:37)\n    at Object.onceWrapper (node:events:634:26)\n    at Socket.emit (node:events:519:28)\n    at addChunk (node:internal/streams/readable:559:12)\n    at readableAddChunkPushByteMode (node:internal/streams/readable:510:3)\n    at Readable.push (node:internal/streams/readable:390:5)\n    at TCP.onStreamRead (node:internal/stream_base_commons:190:23)","timestamp":"2024-11-27T06:35:58.447Z"},"level":"error","message":"Database connection error:","service":"posts-service","timestamp":"2024-11-27 12:05:58"}
{"level":"info","message":"Server started on port 5000","service":"posts-service","timestamp":"2024-11-27 12:05:59"}
{"error":{"connectionConfig":{"database":"nujlkoas_test","host":"127.0.0.1","port":"5432","ssl":false,"user":"nujlkoas_testuser"},"message":"The server does not support SSL connections","stack":"Error: The server does not support SSL connections\n    at Socket.<anonymous> (G:\\i2u_react\\backend\\node_modules\\pg\\lib\\connection.js:76:37)\n    at Object.onceWrapper (node:events:634:26)\n    at Socket.emit (node:events:519:28)\n    at addChunk (node:internal/streams/readable:559:12)\n    at readableAddChunkPushByteMode (node:internal/streams/readable:510:3)\n    at Readable.push (node:internal/streams/readable:390:5)\n    at TCP.onStreamRead (node:internal/stream_base_commons:190:23)","timestamp":"2024-11-27T06:35:59.626Z"},"level":"error","message":"Database connection error:","service":"posts-service","timestamp":"2024-11-27 12:05:59"}
{"level":"info","message":"Server started on port 5000","service":"posts-service","timestamp":"2024-11-27 12:06:08"}
{"error":{"code":"28P01","connectionConfig":{"database":"nujlkoas_test","host":"127.0.0.1","port":"5432","ssl":false,"user":"nujlkoas_testuser"},"message":"password authentication failed for user \"nujlkoas_testuser\"","stack":"error: password authentication failed for user \"nujlkoas_testuser\"\n    at Parser.parseErrorMessage (G:\\i2u_react\\backend\\node_modules\\pg-protocol\\dist\\parser.js:283:98)\n    at Parser.handlePacket (G:\\i2u_react\\backend\\node_modules\\pg-protocol\\dist\\parser.js:122:29)\n    at Parser.parse (G:\\i2u_react\\backend\\node_modules\\pg-protocol\\dist\\parser.js:35:38)\n    at Socket.<anonymous> (G:\\i2u_react\\backend\\node_modules\\pg-protocol\\dist\\index.js:11:42)\n    at Socket.emit (node:events:519:28)\n    at addChunk (node:internal/streams/readable:559:12)\n    at readableAddChunkPushByteMode (node:internal/streams/readable:510:3)\n    at Readable.push (node:internal/streams/readable:390:5)\n    at TCP.onStreamRead (node:internal/stream_base_commons:190:23)","timestamp":"2024-11-27T06:36:08.555Z"},"level":"error","message":"Database connection error:","service":"posts-service","timestamp":"2024-11-27 12:06:08"}
{"level":"info","message":"Server started on port 5000","service":"posts-service","timestamp":"2024-11-27 12:10:21"}
{"error":{"code":"28P01","connectionConfig":{"database":"nujlkoas_test","host":"127.0.0.200","port":"5432","ssl":false,"user":"nujlkoas_testuser"},"message":"password authentication failed for user \"nujlkoas_testuser\"","stack":"error: password authentication failed for user \"nujlkoas_testuser\"\n    at Parser.parseErrorMessage (G:\\i2u_react\\backend\\node_modules\\pg-protocol\\dist\\parser.js:283:98)\n    at Parser.handlePacket (G:\\i2u_react\\backend\\node_modules\\pg-protocol\\dist\\parser.js:122:29)\n    at Parser.parse (G:\\i2u_react\\backend\\node_modules\\pg-protocol\\dist\\parser.js:35:38)\n    at Socket.<anonymous> (G:\\i2u_react\\backend\\node_modules\\pg-protocol\\dist\\index.js:11:42)\n    at Socket.emit (node:events:519:28)\n    at addChunk (node:internal/streams/readable:559:12)\n    at readableAddChunkPushByteMode (node:internal/streams/readable:510:3)\n    at Readable.push (node:internal/streams/readable:390:5)\n    at TCP.onStreamRead (node:internal/stream_base_commons:190:23)","timestamp":"2024-11-27T06:40:21.491Z"},"level":"error","message":"Database connection error:","service":"posts-service","timestamp":"2024-11-27 12:10:21"}
{"level":"info","message":"Server started on port 5000","service":"posts-service","timestamp":"2024-11-27 13:29:33"}
{"error":{"code":"ETIMEDOUT","connectionConfig":{"database":"nujlkoas_test","host":"198.187.29.195","port":"5432","ssl":false,"user":"nujlkoas_testuser"},"message":"connect ETIMEDOUT 198.187.29.195:5432","stack":"Error: connect ETIMEDOUT 198.187.29.195:5432\n    at TCPConnectWrap.afterConnect [as oncomplete] (node:net:1605:16)","timestamp":"2024-11-27T07:59:54.606Z"},"level":"error","message":"Database connection error:","service":"posts-service","timestamp":"2024-11-27 13:29:54"}
{"level":"info","message":"Server started on port 5000","service":"posts-service","timestamp":"2024-11-27 13:30:14"}
{"error":{"code":"ETIMEDOUT","connectionConfig":{"database":"nujlkoas_test","host":"198.187.29.195","port":"5432","ssl":false,"user":"nujlkoas_testuser"},"message":"connect ETIMEDOUT 198.187.29.195:5432","stack":"Error: connect ETIMEDOUT 198.187.29.195:5432\n    at TCPConnectWrap.afterConnect [as oncomplete] (node:net:1605:16)","timestamp":"2024-11-27T08:00:35.477Z"},"level":"error","message":"Database connection error:","service":"posts-service","timestamp":"2024-11-27 13:30:35"}
{"level":"info","message":"Server started on port 5000","service":"posts-service","timestamp":"2024-11-27 13:31:29"}
{"error":{},"level":"error","message":"Database connection error:","service":"posts-service","timestamp":"2024-11-27 13:31:34"}
{"level":"info","message":"Server started on port 5000","service":"posts-service","timestamp":"2024-11-27 13:31:52"}
{"error":{},"level":"error","message":"Database connection error:","service":"posts-service","timestamp":"2024-11-27 13:31:57"}
{"level":"info","message":"Server started on port 5000","service":"posts-service","timestamp":"2024-11-27 13:32:03"}
{"error":{},"level":"error","message":"Database connection error:","service":"posts-service","timestamp":"2024-11-27 13:32:08"}
{"level":"info","message":"Server started on port 5000","service":"posts-service","timestamp":"2024-11-27 13:32:19"}
{"error":{"code":"ETIMEDOUT","connectionConfig":{"database":"nujlkoas_test","host":"198.187.29.195","port":"5432","ssl":false,"user":"nujlkoas_testuser"},"message":"connect ETIMEDOUT 198.187.29.195:5432","stack":"Error: connect ETIMEDOUT 198.187.29.195:5432\n    at TCPConnectWrap.afterConnect [as oncomplete] (node:net:1605:16)","timestamp":"2024-11-27T08:02:40.684Z"},"level":"error","message":"Database connection error:","service":"posts-service","timestamp":"2024-11-27 13:32:40"}
{"level":"info","message":"Server started on port 5000","service":"posts-service","timestamp":"2024-11-27 13:36:30"}
{"error":{"code":"28P01","connectionConfig":{"database":"nujlkoas_test","host":"127.0.0.1","port":"5432","ssl":false,"user":"nujlkoas"},"message":"password authentication failed for user \"nujlkoas\"","stack":"error: password authentication failed for user \"nujlkoas\"\n    at Parser.parseErrorMessage (G:\\i2u_react\\backend\\node_modules\\pg-protocol\\dist\\parser.js:283:98)\n    at Parser.handlePacket (G:\\i2u_react\\backend\\node_modules\\pg-protocol\\dist\\parser.js:122:29)\n    at Parser.parse (G:\\i2u_react\\backend\\node_modules\\pg-protocol\\dist\\parser.js:35:38)\n    at Socket.<anonymous> (G:\\i2u_react\\backend\\node_modules\\pg-protocol\\dist\\index.js:11:42)\n    at Socket.emit (node:events:519:28)\n    at addChunk (node:internal/streams/readable:559:12)\n    at readableAddChunkPushByteMode (node:internal/streams/readable:510:3)\n    at Readable.push (node:internal/streams/readable:390:5)\n    at TCP.onStreamRead (node:internal/stream_base_commons:190:23)","timestamp":"2024-11-27T08:06:30.355Z"},"level":"error","message":"Database connection error:","service":"posts-service","timestamp":"2024-11-27 13:36:30"}
{"level":"info","message":"Server started on port 5000","service":"posts-service","timestamp":"2024-11-27 13:37:00"}
{"error":{"code":"28P01","connectionConfig":{"database":"nujlkoas_test","host":"127.0.0.1","port":"5432","ssl":false,"user":"nujlkoas"},"message":"password authentication failed for user \"nujlkoas\"","stack":"error: password authentication failed for user \"nujlkoas\"\n    at Parser.parseErrorMessage (G:\\i2u_react\\backend\\node_modules\\pg-protocol\\dist\\parser.js:283:98)\n    at Parser.handlePacket (G:\\i2u_react\\backend\\node_modules\\pg-protocol\\dist\\parser.js:122:29)\n    at Parser.parse (G:\\i2u_react\\backend\\node_modules\\pg-protocol\\dist\\parser.js:35:38)\n    at Socket.<anonymous> (G:\\i2u_react\\backend\\node_modules\\pg-protocol\\dist\\index.js:11:42)\n    at Socket.emit (node:events:519:28)\n    at addChunk (node:internal/streams/readable:559:12)\n    at readableAddChunkPushByteMode (node:internal/streams/readable:510:3)\n    at Readable.push (node:internal/streams/readable:390:5)\n    at TCP.onStreamRead (node:internal/stream_base_commons:190:23)","timestamp":"2024-11-27T08:07:00.804Z"},"level":"error","message":"Database connection error:","service":"posts-service","timestamp":"2024-11-27 13:37:00"}
{"level":"info","message":"Server started on port 5000","service":"posts-service","timestamp":"2024-11-27 13:37:09"}
{"error":{"code":"28P01","connectionConfig":{"database":"nujlkoas_test","host":"127.0.0.200","port":"5432","ssl":false,"user":"nujlkoas_testuser"},"message":"password authentication failed for user \"nujlkoas_testuser\"","stack":"error: password authentication failed for user \"nujlkoas_testuser\"\n    at Parser.parseErrorMessage (G:\\i2u_react\\backend\\node_modules\\pg-protocol\\dist\\parser.js:283:98)\n    at Parser.handlePacket (G:\\i2u_react\\backend\\node_modules\\pg-protocol\\dist\\parser.js:122:29)\n    at Parser.parse (G:\\i2u_react\\backend\\node_modules\\pg-protocol\\dist\\parser.js:35:38)\n    at Socket.<anonymous> (G:\\i2u_react\\backend\\node_modules\\pg-protocol\\dist\\index.js:11:42)\n    at Socket.emit (node:events:519:28)\n    at addChunk (node:internal/streams/readable:559:12)\n    at readableAddChunkPushByteMode (node:internal/streams/readable:510:3)\n    at Readable.push (node:internal/streams/readable:390:5)\n    at TCP.onStreamRead (node:internal/stream_base_commons:190:23)","timestamp":"2024-11-27T08:07:09.945Z"},"level":"error","message":"Database connection error:","service":"posts-service","timestamp":"2024-11-27 13:37:09"}
{"level":"info","message":"Server started on port 5000","service":"posts-service","timestamp":"2024-11-27 13:52:33"}
{"error":{"code":"28P01","connectionConfig":{"database":"nujlkoas_test","host":"127.0.0.200","port":"5432","ssl":false,"user":"nujlkoas_testuser"},"message":"password authentication failed for user \"nujlkoas_testuser\"","stack":"error: password authentication failed for user \"nujlkoas_testuser\"\n    at Parser.parseErrorMessage (G:\\i2u_react\\backend\\node_modules\\pg-protocol\\dist\\parser.js:283:98)\n    at Parser.handlePacket (G:\\i2u_react\\backend\\node_modules\\pg-protocol\\dist\\parser.js:122:29)\n    at Parser.parse (G:\\i2u_react\\backend\\node_modules\\pg-protocol\\dist\\parser.js:35:38)\n    at Socket.<anonymous> (G:\\i2u_react\\backend\\node_modules\\pg-protocol\\dist\\index.js:11:42)\n    at Socket.emit (node:events:519:28)\n    at addChunk (node:internal/streams/readable:559:12)\n    at readableAddChunkPushByteMode (node:internal/streams/readable:510:3)\n    at Readable.push (node:internal/streams/readable:390:5)\n    at TCP.onStreamRead (node:internal/stream_base_commons:190:23)","timestamp":"2024-11-27T08:22:33.800Z"},"level":"error","message":"Database connection error:","service":"posts-service","timestamp":"2024-11-27 13:52:33"}
{"level":"info","message":"Server started on port 5000","service":"posts-service","timestamp":"2024-11-27 13:56:29"}
{"error":{"code":"ETIMEDOUT","connectionConfig":{"database":"nujlkoas_test","host":"198.187.29.195","port":"5432","ssl":false,"user":"nujlkoas_testuser"},"message":"connect ETIMEDOUT 198.187.29.195:5432","stack":"Error: connect ETIMEDOUT 198.187.29.195:5432\n    at TCPConnectWrap.afterConnect [as oncomplete] (node:net:1605:16)","timestamp":"2024-11-27T08:26:50.802Z"},"level":"error","message":"Database connection error:","service":"posts-service","timestamp":"2024-11-27 13:56:50"}
{"level":"info","message":"Server started on port 5000","service":"posts-service","timestamp":"2024-11-27 16:07:56"}
{"error":{"code":"ECONNRESET","connectionConfig":{"database":"i2u_db","host":"dpg-csmt0u1u0jms73fsvgrg-a.oregon-postgres.render.com","port":"5432","ssl":false,"user":"i2u_db_user"},"message":"read ECONNRESET","stack":"Error: read ECONNRESET\n    at TCP.onStreamRead (node:internal/stream_base_commons:217:20)","timestamp":"2024-11-27T10:37:56.519Z"},"level":"error","message":"Database connection error:","service":"posts-service","timestamp":"2024-11-27 16:07:56"}
{"level":"info","message":"Server started on port 5000","service":"posts-service","timestamp":"2024-11-27 16:08:02"}
{"error":{"code":"28000","connectionConfig":{"database":"i2u_db","host":"dpg-csmt0u1u0jms73fsvgrg-a.oregon-postgres.render.com","port":"5432","ssl":false,"user":"i2u_db_user"},"message":"SSL/TLS required","stack":"error: SSL/TLS required\n    at Parser.parseErrorMessage (G:\\i2u_react\\backend\\node_modules\\pg-protocol\\dist\\parser.js:283:98)\n    at Parser.handlePacket (G:\\i2u_react\\backend\\node_modules\\pg-protocol\\dist\\parser.js:122:29)\n    at Parser.parse (G:\\i2u_react\\backend\\node_modules\\pg-protocol\\dist\\parser.js:35:38)\n    at Socket.<anonymous> (G:\\i2u_react\\backend\\node_modules\\pg-protocol\\dist\\index.js:11:42)\n    at Socket.emit (node:events:519:28)\n    at addChunk (node:internal/streams/readable:559:12)\n    at readableAddChunkPushByteMode (node:internal/streams/readable:510:3)\n    at Readable.push (node:internal/streams/readable:390:5)\n    at TCP.onStreamRead (node:internal/stream_base_commons:190:23)","timestamp":"2024-11-27T10:38:03.421Z"},"level":"error","message":"Database connection error:","service":"posts-service","timestamp":"2024-11-27 16:08:03"}
{"level":"info","message":"Server started on port 5000","service":"posts-service","timestamp":"2024-11-27 16:08:12"}
{"error":{"code":"28P01","connectionConfig":{"database":"i2u_db","host":"dpg-csmt0u1u0jms73fsvgrg-a.oregon-postgres.render.com","port":"5432","ssl":false,"user":"i2u_db_user"},"message":"password authentication failed for user \"i2u_db_user\"","stack":"error: password authentication failed for user \"i2u_db_user\"\n    at Parser.parseErrorMessage (G:\\i2u_react\\backend\\node_modules\\pg-protocol\\dist\\parser.js:283:98)\n    at Parser.handlePacket (G:\\i2u_react\\backend\\node_modules\\pg-protocol\\dist\\parser.js:122:29)\n    at Parser.parse (G:\\i2u_react\\backend\\node_modules\\pg-protocol\\dist\\parser.js:35:38)\n    at TLSSocket.<anonymous> (G:\\i2u_react\\backend\\node_modules\\pg-protocol\\dist\\index.js:11:42)\n    at TLSSocket.emit (node:events:519:28)\n    at addChunk (node:internal/streams/readable:559:12)\n    at readableAddChunkPushByteMode (node:internal/streams/readable:510:3)\n    at Readable.push (node:internal/streams/readable:390:5)\n    at TLSWrap.onStreamRead (node:internal/stream_base_commons:190:23)","timestamp":"2024-11-27T10:38:14.096Z"},"level":"error","message":"Database connection error:","service":"posts-service","timestamp":"2024-11-27 16:08:14"}
{"level":"info","message":"Server started on port 5000","service":"posts-service","timestamp":"2024-11-27 16:08:39"}
{"database":"i2u_db","host":"dpg-csmt0u1u0jms73fsvgrg-a.oregon-postgres.render.com","level":"info","message":"Database connected successfully","service":"posts-service","timestamp":"2024-11-27T10:38:41.293Z"}
{"level":"info","message":"Server started on port 5000","service":"posts-service","timestamp":"2024-11-27 16:53:15"}
{"error":{"code":"ECONNRESET","connectionConfig":{"database":"i2u_db","host":"dpg-csmt0u1u0jms73fsvgrg-a.oregon-postgres.render.com","port":"5432","ssl":false,"user":"i2u_db_user"},"message":"read ECONNRESET","stack":"Error: read ECONNRESET\n    at TCP.onStreamRead (node:internal/stream_base_commons:217:20)","timestamp":"2024-11-27T11:23:15.517Z"},"level":"error","message":"Database connection error:","service":"posts-service","timestamp":"2024-11-27 16:53:15"}
{"level":"info","message":"Server started on port 5000","service":"posts-service","timestamp":"2024-11-27 16:53:25"}
{"database":"i2u_db","host":"dpg-csmt0u1u0jms73fsvgrg-a.oregon-postgres.render.com","level":"info","message":"Database connected successfully","service":"posts-service","timestamp":"2024-11-27T11:23:27.192Z"}
{"level":"info","message":"Server started on port 5000","service":"posts-service","timestamp":"2024-11-27 16:59:20"}
{"database":"i2u_db","host":"dpg-csmt0u1u0jms73fsvgrg-a.oregon-postgres.render.com","level":"info","message":"Database connected successfully","service":"posts-service","timestamp":"2024-11-27T11:29:22.136Z"}
{"level":"info","message":"Server started on port 5000","service":"posts-service","timestamp":"2024-11-27 17:39:23"}
{"database":"i2u_db","host":"dpg-csmt0u1u0jms73fsvgrg-a.oregon-postgres.render.com","level":"info","message":"Database connected successfully","service":"posts-service","timestamp":"2024-11-27T12:09:24.935Z"}
{"category":"startup","imageUrl":"/uploads/image-1732711564904-744633562.jpg","level":"info","message":"Attempting to insert new post","service":"posts-service","timestamp":"2024-11-27 18:16:05","title":"temporary title"}
{"level":"info","message":"Post published successfully","service":"posts-service","timestamp":"2024-11-27 18:16:05"}
{"level":"info","message":"Server started on port 5000","service":"posts-service","timestamp":"2024-11-27 18:18:45"}
{"database":"i2u_db","host":"dpg-csmt0u1u0jms73fsvgrg-a.oregon-postgres.render.com","level":"info","message":"Database connected successfully","service":"posts-service","timestamp":"2024-11-27T12:48:47.038Z"}
